<?xml version="1.0" encoding="UTF-8"?>
<!-- Generated by org.testng.reporters.JUnitReportReporter -->
<testsuite skipped="1" hostname="DESKTOP-GFU6O22" name="selenium.sample.WebTable2" tests="2" failures="0" timestamp="2021-01-13T14:46:13 IST" time="7.261" errors="0">
  <testcase name="Verify_Group_based_display_of_companies" time="7.261" classname="selenium.sample.WebTable2"/>
  <system-out/>
  <testcase name="NumberOfColumnsTest" classname="selenium.sample.WebTable2">
    <skipped/>
  </testcase> <!-- NumberOfColumnsTest -->
  <system-out/>
</testsuite> <!-- selenium.sample.WebTable2 -->
